<?xml version="1.0" encoding="UTF-8"?>
<!-- Generated by org.testng.reporters.JUnitXMLReporter -->
<testsuite ignored="0" hostname="Soham" failures="0" tests="3" name="Default test" time="13.268" errors="0" timestamp="2025-02-24T01:23:48 IST">
  <testcase classname="base.InventoryTest" name="filterProductsAtoZ" time="3.123"/>
  <testcase classname="base.InventoryTest" name="verifyHeaderTitle" time="0.038"/>
  <testcase classname="base.InventoryTest" name="verifyURLOfApplication" time="0.006"/>
</testsuite> <!-- Default test -->
