<?xml version="1.0" encoding="UTF-8"?>
<!-- Generated by org.testng.reporters.JUnitXMLReporter -->
<testsuite ignored="3" hostname="Soham" failures="0" tests="1" name="Default test" time="12.16" errors="0" timestamp="2025-02-28T18:16:47 IST">
  <testcase classname="testcases.CartTest" name="verifyContinueShoppingBtn" time="3.108"/>
  <testcase classname="testcases.CartTest" name="verifyCheckout" time="0.0">
    <ignored/>
  </testcase> <!-- verifyCheckout -->
  <testcase classname="testcases.CartTest" name="verifyApplicationTitle" time="0.0">
    <ignored/>
  </testcase> <!-- verifyApplicationTitle -->
  <testcase classname="testcases.CartTest" name="verifyApplicationUrl" time="0.0">
    <ignored/>
  </testcase> <!-- verifyApplicationUrl -->
</testsuite> <!-- Default test -->
