<?xml version="1.0" encoding="UTF-8"?>
<!-- Generated by org.testng.reporters.JUnitXMLReporter -->
<testsuite ignored="0" hostname="Soham" failures="2" tests="8" name="Test" time="30.757" errors="0" timestamp="2025-02-07T00:14:36 IST">
  <testcase classname="assertion.HardAssertion" name="checkWindowTitle" time="3.61"/>
  <testcase classname="assertion.HardAssertion" name="checkUrl" time="4.022">
    <failure type="java.lang.AssertionError" message="expected [https://katalon-demo-cura.herokuapp.com/] but found [http://www.facebook.com]">
      <![CDATA[java.lang.AssertionError: expected [https://katalon-demo-cura.herokuapp.com/] but found [http://www.facebook.com]
at assertion.HardAssertion.checkUrl(HardAssertion.java:64)
at java.base/java.util.ArrayList.forEach(ArrayList.java:1511)
... Removed 33 stack frames]]>
    </failure>
  </testcase> <!-- checkUrl -->
  <testcase classname="assertion.HardAssertion" name="checkHeadingDisplayed" time="3.164"/>
  <testcase classname="assertion.HardAssertion" name="checkMakeAppointemnt" time="0.001">
    <skipped/>
  </testcase> <!-- checkMakeAppointemnt -->
  <testcase classname="assertion.SoftAssertionDemo" name="checkWindowTitle" time="3.318"/>
  <testcase classname="assertion.SoftAssertionDemo" name="checkUrl" time="3.013">
    <failure type="java.lang.AssertionError" message="The following asserts failed:
	expected [https://katalon-demo-cura.herokuapp.com/] but found [http://www.facebook.com]">
      <![CDATA[java.lang.AssertionError: The following asserts failed:
expected [https://katalon-demo-cura.herokuapp.com/] but found [http://www.facebook.com]
at assertion.SoftAssertionDemo.checkUrl(SoftAssertionDemo.java:71)
at java.base/java.util.ArrayList.forEach(ArrayList.java:1511)
... Removed 29 stack frames]]>
    </failure>
  </testcase> <!-- checkUrl -->
  <testcase classname="assertion.SoftAssertionDemo" name="checkHeadingDisplayed" time="2.836"/>
  <testcase classname="assertion.SoftAssertionDemo" name="checkMakeAppointemnt" time="0.0">
    <skipped/>
  </testcase> <!-- checkMakeAppointemnt -->
</testsuite> <!-- Test -->
