<?xml version="1.0" encoding="UTF-8"?>
<testng-results ignored="0" total="2" passed="2" failed="0" skipped="0">
  <reporter-output>
  </reporter-output>
  <suite started-at="2025-01-29T21:56:12 IST" name="Default suite" finished-at="2025-01-29T21:56:12 IST" duration-ms="65">
    <groups>
    </groups>
    <test started-at="2025-01-29T21:56:12 IST" name="Default test" finished-at="2025-01-29T21:56:12 IST" duration-ms="65">
      <class name="testng.BeforeClassAfterClass">
        <test-method is-config="true" signature="login()[pri:0, instance:testng.BeforeClassAfterClass@6e9175d8]" started-at="2025-01-29T21:56:12 IST" name="login" finished-at="2025-01-29T21:56:12 IST" duration-ms="11" status="PASS">
          <reporter-output>
          </reporter-output>
        </test-method> <!-- login -->
        <test-method signature="search()[pri:1, instance:testng.BeforeClassAfterClass@6e9175d8]" started-at="2025-01-29T21:56:12 IST" name="search" finished-at="2025-01-29T21:56:12 IST" duration-ms="6" status="PASS">
          <reporter-output>
          </reporter-output>
        </test-method> <!-- search -->
        <test-method signature="advancedSearch()[pri:2, instance:testng.BeforeClassAfterClass@6e9175d8]" started-at="2025-01-29T21:56:12 IST" name="advancedSearch" finished-at="2025-01-29T21:56:12 IST" duration-ms="1" status="PASS">
          <reporter-output>
          </reporter-output>
        </test-method> <!-- advancedSearch -->
        <test-method is-config="true" signature="logout()[pri:0, instance:testng.BeforeClassAfterClass@6e9175d8]" started-at="2025-01-29T21:56:12 IST" name="logout" finished-at="2025-01-29T21:56:12 IST" duration-ms="1" status="PASS">
          <reporter-output>
          </reporter-output>
        </test-method> <!-- logout -->
      </class> <!-- testng.BeforeClassAfterClass -->
    </test> <!-- Default test -->
  </suite> <!-- Default suite -->
</testng-results>
