<?xml version="1.0" encoding="UTF-8"?>
<testng-results ignored="9" total="13" passed="4" failed="0" skipped="0">
  <reporter-output>
    <line>
      <![CDATA[Sorted Product: [Sauce Labs Backpack, Sauce Labs Bike Light, Sauce Labs Bolt T-Shirt, Sauce Labs Fleece Jacket, Sauce Labs Onesie, Test.allTheThings() T-Shirt (Red)]]]>
    </line>
    <line>
      <![CDATA[Sorted Product(Descending): [49.99, 29.99, 15.99, 15.99, 9.99, 7.99]]]>
    </line>
    <line>
      <![CDATA[Sorted Product(Ascending): [7.99, 9.99, 15.99, 15.99, 29.99, 49.99]]]>
    </line>
    <line>
      <![CDATA[Sorted Product: [Test.allTheThings() T-Shirt (Red), Sauce Labs Onesie, Sauce Labs Fleece Jacket, Sauce Labs Bolt T-Shirt, Sauce Labs Bike Light, Sauce Labs Backpack]]]>
    </line>
  </reporter-output>
  <suite started-at="2025-02-25T19:45:03 IST" name="Default suite" finished-at="2025-02-25T19:45:17 IST" duration-ms="14038">
    <groups>
    </groups>
    <test started-at="2025-02-25T19:45:03 IST" name="Default test" finished-at="2025-02-25T19:45:17 IST" duration-ms="14038">
      <class name="base.InventoryTest">
        <test-method is-config="true" signature="setup()[pri:0, instance:base.InventoryTest@8458f04]" started-at="2025-02-25T19:45:03 IST" name="setup" finished-at="2025-02-25T19:45:07 IST" duration-ms="4054" status="PASS">
          <reporter-output>
          </reporter-output>
        </test-method> <!-- setup -->
        <test-method signature="verfifyAToZFilter()[pri:0, instance:base.InventoryTest@8458f04]" started-at="2025-02-25T19:45:07 IST" name="verfifyAToZFilter" finished-at="2025-02-25T19:45:07 IST" duration-ms="194" status="PASS">
          <reporter-output>
            <line>
              <![CDATA[Sorted Product: [Sauce Labs Backpack, Sauce Labs Bike Light, Sauce Labs Bolt T-Shirt, Sauce Labs Fleece Jacket, Sauce Labs Onesie, Test.allTheThings() T-Shirt (Red)]]]>
            </line>
          </reporter-output>
        </test-method> <!-- verfifyAToZFilter -->
        <test-method is-config="true" signature="closeBrowser()[pri:0, instance:base.InventoryTest@8458f04]" started-at="2025-02-25T19:45:07 IST" name="closeBrowser" finished-at="2025-02-25T19:45:07 IST" duration-ms="102" status="PASS">
          <reporter-output>
          </reporter-output>
        </test-method> <!-- closeBrowser -->
        <test-method is-config="true" signature="setup()[pri:0, instance:base.InventoryTest@8458f04]" started-at="2025-02-25T19:45:07 IST" name="setup" finished-at="2025-02-25T19:45:10 IST" duration-ms="2996" status="PASS">
          <reporter-output>
          </reporter-output>
        </test-method> <!-- setup -->
        <test-method signature="verfifyHighToLowFilter()[pri:0, instance:base.InventoryTest@8458f04]" started-at="2025-02-25T19:45:10 IST" name="verfifyHighToLowFilter" finished-at="2025-02-25T19:45:11 IST" duration-ms="208" status="PASS">
          <reporter-output>
            <line>
              <![CDATA[Sorted Product(Descending): [49.99, 29.99, 15.99, 15.99, 9.99, 7.99]]]>
            </line>
          </reporter-output>
        </test-method> <!-- verfifyHighToLowFilter -->
        <test-method is-config="true" signature="closeBrowser()[pri:0, instance:base.InventoryTest@8458f04]" started-at="2025-02-25T19:45:11 IST" name="closeBrowser" finished-at="2025-02-25T19:45:11 IST" duration-ms="112" status="PASS">
          <reporter-output>
          </reporter-output>
        </test-method> <!-- closeBrowser -->
        <test-method is-config="true" signature="setup()[pri:0, instance:base.InventoryTest@8458f04]" started-at="2025-02-25T19:45:11 IST" name="setup" finished-at="2025-02-25T19:45:14 IST" duration-ms="2896" status="PASS">
          <reporter-output>
          </reporter-output>
        </test-method> <!-- setup -->
        <test-method signature="verfifyLowToHighFilter()[pri:0, instance:base.InventoryTest@8458f04]" started-at="2025-02-25T19:45:14 IST" name="verfifyLowToHighFilter" finished-at="2025-02-25T19:45:14 IST" duration-ms="199" status="PASS">
          <reporter-output>
            <line>
              <![CDATA[Sorted Product(Ascending): [7.99, 9.99, 15.99, 15.99, 29.99, 49.99]]]>
            </line>
          </reporter-output>
        </test-method> <!-- verfifyLowToHighFilter -->
        <test-method is-config="true" signature="closeBrowser()[pri:0, instance:base.InventoryTest@8458f04]" started-at="2025-02-25T19:45:14 IST" name="closeBrowser" finished-at="2025-02-25T19:45:14 IST" duration-ms="112" status="PASS">
          <reporter-output>
          </reporter-output>
        </test-method> <!-- closeBrowser -->
        <test-method is-config="true" signature="setup()[pri:0, instance:base.InventoryTest@8458f04]" started-at="2025-02-25T19:45:14 IST" name="setup" finished-at="2025-02-25T19:45:17 IST" duration-ms="2827" status="PASS">
          <reporter-output>
          </reporter-output>
        </test-method> <!-- setup -->
        <test-method signature="verfifyZToAFilter()[pri:0, instance:base.InventoryTest@8458f04]" started-at="2025-02-25T19:45:17 IST" name="verfifyZToAFilter" finished-at="2025-02-25T19:45:17 IST" duration-ms="183" status="PASS">
          <reporter-output>
            <line>
              <![CDATA[Sorted Product: [Test.allTheThings() T-Shirt (Red), Sauce Labs Onesie, Sauce Labs Fleece Jacket, Sauce Labs Bolt T-Shirt, Sauce Labs Bike Light, Sauce Labs Backpack]]]>
            </line>
          </reporter-output>
        </test-method> <!-- verfifyZToAFilter -->
        <test-method is-config="true" signature="closeBrowser()[pri:0, instance:base.InventoryTest@8458f04]" started-at="2025-02-25T19:45:17 IST" name="closeBrowser" finished-at="2025-02-25T19:45:17 IST" duration-ms="101" status="PASS">
          <reporter-output>
          </reporter-output>
        </test-method> <!-- closeBrowser -->
      </class> <!-- base.InventoryTest -->
    </test> <!-- Default test -->
  </suite> <!-- Default suite -->
</testng-results>
